Running AutomationTool...
Parsing command line: BuildCookRun -project=C:\Users\Public\Repos\Pipelines\autobuild_test\autobuild_test.uproject -noP4 -platform=Win64 -clientconfig=Development -serverconfig=Development -cook -allmaps -build -stage -pak -archive -archivedirectory=C:\Users\Public\Repos\Pipelines\autobuild_test\build
Setting up ProjectParams for C:\Users\Public\Repos\Pipelines\autobuild_test\autobuild_test.uproject
********** BUILD COMMAND STARTED **********
Running: C:\Program Files\Epic Games\UE_4.27\Engine\Binaries\DotNET\UnrealBuildTool.exe autobuild_testEditor Win64 Development -Project=C:\Users\Public\Repos\Pipelines\autobuild_test\autobuild_test.uproject  C:\Users\Public\Repos\Pipelines\autobuild_test\autobuild_test.uproject -NoUBTMakefiles  -Manifest=C:\Users\Public\Repos\Pipelines\autobuild_test\Intermediate\Build\Manifest.xml -NoHotReload -log="C:\Users\pg22nicholas\AppData\Roaming\Unreal Engine\AutomationTool\Logs\C+Program+Files+Epic+Games+UE_4.27\UBT-autobuild_testEditor-Win64-Development.txt"
  Using 'git status' to determine working set for adaptive non-unity build (C:\Users\Public\Repos\Pipelines\autobuild_test).
  Writing manifest to C:\Users\Public\Repos\Pipelines\autobuild_test\Intermediate\Build\Manifest.xml
  Target is up to date
  Total execution time: 1.69 seconds
Took 1.7916853s to run UnrealBuildTool.exe, ExitCode=0
Running: C:\Program Files\Epic Games\UE_4.27\Engine\Binaries\DotNET\UnrealBuildTool.exe autobuild_test Win64 Development -Project=C:\Users\Public\Repos\Pipelines\autobuild_test\autobuild_test.uproject  C:\Users\Public\Repos\Pipelines\autobuild_test\autobuild_test.uproject -NoUBTMakefiles  -remoteini="C:\Users\Public\Repos\Pipelines\autobuild_test" -Manifest=C:\Users\Public\Repos\Pipelines\autobuild_test\Intermediate\Build\Manifest.xml -NoHotReload -log="C:\Users\pg22nicholas\AppData\Roaming\Unreal Engine\AutomationTool\Logs\C+Program+Files+Epic+Games+UE_4.27\UBT-autobuild_test-Win64-Development.txt"
  Using 'git status' to determine working set for adaptive non-unity build (C:\Users\Public\Repos\Pipelines\autobuild_test).
  Writing manifest to C:\Users\Public\Repos\Pipelines\autobuild_test\Intermediate\Build\Manifest.xml
  Target is up to date
  Total execution time: 1.24 seconds
Took 1.32747s to run UnrealBuildTool.exe, ExitCode=0
********** BUILD COMMAND COMPLETED **********
********** COOK COMMAND STARTED **********
Running UE4Editor Cook for project C:\Users\Public\Repos\Pipelines\autobuild_test\autobuild_test.uproject
Commandlet log file is C:\Program Files\Epic Games\UE_4.27\Engine\Programs\AutomationTool\Saved\Cook-2022.07.18-12.49.12.txt
Running: C:\Program Files\Epic Games\UE_4.27\Engine\Binaries\Win64\UE4Editor-Cmd.exe C:\Users\Public\Repos\Pipelines\autobuild_test\autobuild_test.uproject -run=Cook  -TargetPlatform=WindowsNoEditor -fileopenlog -unversioned -abslog="C:\Program Files\Epic Games\UE_4.27\Engine\Programs\AutomationTool\Saved\Cook-2022.07.18-12.49.12.txt" -stdout -CrashForUAT -unattended -NoLogTimes
  LogConsoleResponse: Display: Failed to find resolution value strings in scalability ini. Falling back to default.
  LogConsoleResponse: Display: Failed to find resolution value strings in scalability ini. Falling back to default.
  LogInit: Display: Running engine for game: autobuild_test
  LogInit: Display: Loading text-based GConfig....
  LogLuminAPIImpl: Warning: MLSDK not found.  This likely means the MLSDK environment variable is not set.
  LogHAL: Display: Platform has ~ 32 GB [34027827200 / 34359738368 / 32], which maps to Largest [LargestMinGB=32, LargerMinGB=12, DefaultMinGB=8, SmallerMinGB=6, SmallestMinGB=0)
  LogTargetPlatformManager: Display: Loaded TargetPlatform 'AllDesktop'
  LogTargetPlatformManager: Display: Loaded TargetPlatform 'Android'
  LogTargetPlatformManager: Display: Loaded TargetPlatform 'Android_ASTC'
  LogTargetPlatformManager: Display: Loaded TargetPlatform 'Android_DXT'
  LogTargetPlatformManager: Display: Loaded TargetPlatform 'Android_ETC2'
  LogTargetPlatformManager: Display: Loaded TargetPlatform 'AndroidClient'
  LogTargetPlatformManager: Display: Loaded TargetPlatform 'Android_ASTCClient'
  LogTargetPlatformManager: Display: Loaded TargetPlatform 'Android_DXTClient'
  LogTargetPlatformManager: Display: Loaded TargetPlatform 'Android_ETC2Client'
  LogTargetPlatformManager: Display: Loaded TargetPlatform 'Android_Multi'
  LogTargetPlatformManager: Display: Loaded TargetPlatform 'Android_MultiClient'
  LogTargetPlatformManager: Display: Loaded TargetPlatform 'IOSClient'
  LogTargetPlatformManager: Display: Loaded TargetPlatform 'IOS'
  LogTargetPlatformManager: Display: Loaded TargetPlatform 'Linux'
  LogTargetPlatformManager: Display: Loaded TargetPlatform 'LinuxNoEditor'
  LogTargetPlatformManager: Display: Loaded TargetPlatform 'LinuxClient'
  LogTargetPlatformManager: Display: Loaded TargetPlatform 'LinuxServer'
  LogTargetPlatformManager: Display: Loaded TargetPlatform 'LinuxAArch64NoEditor'
  LogTargetPlatformManager: Display: Loaded TargetPlatform 'LinuxAArch64Client'
  LogTargetPlatformManager: Display: Loaded TargetPlatform 'LinuxAArch64Server'
  LogTargetPlatformManager: Display: Loaded TargetPlatform 'Lumin'
  LogTargetPlatformManager: Display: Loaded TargetPlatform 'LuminClient'
  LogTargetPlatformManager: Display: Loaded TargetPlatform 'MacNoEditor'
  LogTargetPlatformManager: Display: Loaded TargetPlatform 'Mac'
  LogTargetPlatformManager: Display: Loaded TargetPlatform 'MacClient'
  LogTargetPlatformManager: Display: Loaded TargetPlatform 'MacServer'
  LogTargetPlatformManager: Display: Loaded TargetPlatform 'TVOSClient'
  LogTargetPlatformManager: Display: Loaded TargetPlatform 'TVOS'
  LogTargetPlatformManager: Display: Loaded TargetPlatform 'WindowsNoEditor'
  LogTargetPlatformManager: Display: Loaded TargetPlatform 'Windows'
  LogTargetPlatformManager: Display: Loaded TargetPlatform 'WindowsClient'
  LogTargetPlatformManager: Display: Loaded TargetPlatform 'WindowsServer'
  LogTargetPlatformManager: Display: Building Assets For WindowsNoEditor
  LogAudioDebug: Display: Lib vorbis DLL was dynamically loaded.
  LogTextureFormatOodle: Display: Oodle Texture 2.9.0 init RDO Off
  LogShaderCompilers: Display: Using Local Shader Compiler.
  LogDerivedDataCache: Display: Max Cache Size: 512 MB
  LogDerivedDataCache: Display: Loaded Boot cache: C:/Users/pg22nicholas/AppData/Local/UnrealEngine/4.27/DerivedDataCache/Boot.ddc
  LogDerivedDataCache: Display: Pak cache opened for reading ../../../Engine/DerivedDataCache/Compressed.ddp.
  LogDerivedDataCache: Display: Performance to C:/Users/pg22nicholas/AppData/Local/UnrealEngine/Common/DerivedDataCache: Latency=0.02ms. RandomReadSpeed=1350.90MBs, RandomWriteSpeed=13.74MBs. Assigned SpeedClass 'Local'
  LogAudioCaptureCore: Display: No Audio Capture implementations found. Audio input will be silent.
  LogAudioCaptureCore: Display: No Audio Capture implementations found. Audio input will be silent.
  LogCook: Display: CookSettings for Memory: MemoryMaxUsedVirtual 0MiB, MemoryMaxUsedPhysical 16384MiB, MemoryMinFreeVirtual 0MiB, MemoryMinFreePhysical 1024MiB
  LogCook: Display: Mobile HDR setting 1
  LogCook: Display: Creating asset registry
  LogCook: Display: Discovering localized assets for cultures: en
  LogCook: Display: Clearing all cooked content for platform WindowsNoEditor
  LogCook: Display: Sandbox cleanup took 0.016 seconds for platforms WindowsNoEditor
  LogShaderLibrary: Display:
  LogShaderLibrary: Display: Shader Library 'Global' (PCD3D_SM5) Stats:
  LogShaderLibrary: Display: =================
  LogShaderLibrary: Display: Assets: 1, Unique Shadermaps: 191 (19100.00%)
  LogShaderLibrary: Display: Total Shaders: 1962, Unique Shaders: 1951 (99.44%)
  LogShaderLibrary: Display: Total Shader Size: 5.10mb, Unique Shaders Size: 5.09mb (99.93%)
  LogShaderLibrary: Display: === Extended info:
  LogShaderLibrary: Display: Minimum number of shaders in shadermap: 1
  LogShaderLibrary: Display: Median number of shaders in shadermap: 3
  LogShaderLibrary: Display: Maximum number of shaders in shadermap: 264
  LogShaderLibrary: Display: Number of shadermaps referencing top 10 most shared shaders:
  LogShaderLibrary: Display:     3, 3, 2, 2, 2, 2, 2, 2, 2, 1
  LogShaderLibrary: Display: Textual dump saved to '../../../../../../Users/Public/Repos/Pipelines/autobuild_test/Saved/Shaders/PCD3D_SM5/ShaderDebug-Global-PCD3D_SM5/Dump.txt'
  LogShaderLibrary: Display: =================
  LogCook: Display: Cooked packages 0 Packages Remain 47 Total 47
  LogCook: Display: Cook Diagnostics: OpenFileHandles=212, VirtualMemory=568MiB
  LogTexture: Display: Building textures: DeprecatedTextureEB9CBE3C423008B5E8E130901E171C89 (BGRA8, 128X128)
  LogCook: Display: Cooked packages 215 Packages Remain 39 Total 254
  LogCook: Display: Cooked packages 259 Packages Remain 0 Total 259
  LogCook: Display: Cook Diagnostics: OpenFileHandles=262, VirtualMemory=636MiB
  LogCook: Display: Finishing up...
  LogCook: Display: Saving BulkData manifest(s)...
  LogCook: Display: Done saving BulkData manifest(s)
  LogBlueprintCodeGen: Display: Nativization Summary - AnimBP:
  LogBlueprintCodeGen: Display: Name, Children, Non-empty Functions (Empty Functions), Variables, FunctionUsage, VariableUsage
  LogBlueprintCodeGen: Display: Nativization Summary - Shared Variables From Graph: 0
  LogAssetRegistryGenerator: Display: Saving asset registry v8.
  LogAssetRegistryGenerator: Display: Generated asset registry num assets 262, size is 80.56kb
  LogAssetRegistryGenerator: Display: Done saving asset registry.
  LogShaderLibrary: Display:
  LogShaderLibrary: Display: Shader Library 'autobuild_test' (PCD3D_SM5) Stats:
  LogShaderLibrary: Display: =================
  LogShaderLibrary: Display: Assets: 53, Unique Shadermaps: 46 (86.79%)
  LogShaderLibrary: Display: Total Shaders: 1751, Unique Shaders: 1452 (82.92%)
  LogShaderLibrary: Display: Total Shader Size: 3.43mb, Unique Shaders Size: 2.94mb (85.68%)
  LogShaderLibrary: Display: === Extended info:
  LogShaderLibrary: Display: Minimum number of shaders in shadermap: 2
  LogShaderLibrary: Display: Median number of shaders in shadermap: 9
  LogShaderLibrary: Display: Maximum number of shaders in shadermap: 493
  LogShaderLibrary: Display: Number of shadermaps referencing top 10 most shared shaders:
  LogShaderLibrary: Display:     16, 11, 8, 7, 7, 7, 6, 6, 6, 5
  LogShaderLibrary: Display: Textual dump saved to '../../../../../../Users/Public/Repos/Pipelines/autobuild_test/Saved/Shaders/PCD3D_SM5/ShaderDebug-autobuild_test-PCD3D_SM5/Dump.txt'
  LogShaderLibrary: Display: =================
  LogCook: Display: Cook by the book total time in tick 0.667492s total time 2.013268
  LogCook: Display: Peak Used virtual 715 MiB Peak Used physical 770 MiB
  LogCook: Display: Hierarchy Timer Information:
  LogCook: Display:   Root: 0.000s (0)
  LogCook: Display:     CleanSandbox: 0.016s (1)
  LogCook: Display:       ProcessingAccessedStrings: 0.001s (1)
  LogCook: Display:     CollectFilesToCook: 0.187s (1)
  LogCook: Display:       CookModificationDelegate: 0.000s (1)
  LogCook: Display:     GenerateLongPackageName: 0.000s (1)
  LogCook: Display:     TickCookOnTheSide: 0.667s (6)
  LogCook: Display:       PostLoadPackageFixup: 0.001s (354)
  LogCook: Display:       LoadPackageForCooking: 0.077s (259)
  LogCook: Display:       SavingPackages: 0.587s (34)
  LogCook: Display:         BeginPackageCacheForCookedPlatformData: 0.001s (14)
  LogCook: Display:         PrecachePlatformDataForNextPackage: 0.202s (257)
  LogCook: Display:           BeginPackageCacheForCookedPlatformData: 0.202s (245)
  LogCook: Display:         SaveCookedPackage: 0.345s (259)
  LogCook: Display:           GEditorSavePackage: 0.338s (259)
  LogCook: Display:             ConvertingBlueprints: 0.002s (259)
  LogCook: Display:             VerifyCanCookPackage: 0.001s (258)
  LogCook: Display:         ClearAllCachedCookedPlatformData: 0.003s (259)
  LogCook: Display:     FinalizePackageStore: 0.001s (1)
  LogCook: Display:     GeneratingBlueprintAssets: 0.001s (1)
  LogCook: Display:     SavingCurrentIniSettings: 0.008s (1)
  LogCook: Display:       ProcessingAccessedStrings: 0.001s (1)
  LogCook: Display:     SavingAssetRegistry: 0.070s (1)
  LogCook: Display:       BuildChunkManifest: 0.011s (1)
  LogCook: Display:       SaveManifests: 0.002s (1)
  LogCook: Display:       SaveRealAssetRegistry: 0.010s (1)
  LogCook: Display:       WriteCookerOpenOrder: 0.014s (1)
  LogCook: Display: Done!
  LogSavePackage: Display: Took 0.000574s to verify the EDL loading graph.
  LogCookCommandlet: Display: Misc Cook Stats
  LogCookCommandlet: Display: ===============
  LogCookCommandlet: Display: NiagaraShader.Misc
  LogCookCommandlet: Display:     ShadersCompiled=0
  LogCookCommandlet: Display: ShaderCompiler
  LogCookCommandlet: Display:     BlockingTimeSec=0.000022
  LogCookCommandlet: Display:     AsyncCompileTimeSec=0.000000
  LogCookCommandlet: Display:     GlobalBeginCompileShaderTimeSec=0.000000
  LogCookCommandlet: Display:     GlobalBeginCompileShaderCalls=0
  LogCookCommandlet: Display:     ProcessAsyncResultsTimeSec=0.000139
  LogCookCommandlet: Display: GlobalShader.Misc
  LogCookCommandlet: Display:     ShadersCompiled=0
  LogCookCommandlet: Display: MeshMaterial.Misc
  LogCookCommandlet: Display:     ShadersCompiled=0
  LogCookCommandlet: Display: MaterialShader.Misc
  LogCookCommandlet: Display:     ShadersCompiled=0
  LogCookCommandlet: Display: Package.Load
  LogCookCommandlet: Display:     NumPreloadedDependencies=22
  LogCookCommandlet: Display:     NumInlineLoads=3
  LogCookCommandlet: Display:     NumPackagesLoaded=179
  LogCookCommandlet: Display:     LoadPackageTimeSec=0.484010
  LogCookCommandlet: Display: CookOnTheFlyServer
  LogCookCommandlet: Display:     PeakRequestQueueSize=30
  LogCookCommandlet: Display:     PeakLoadQueueSize=209
  LogCookCommandlet: Display:     PeakSaveQueueSize=201
  LogCookCommandlet: Display: Package.Save
  LogCookCommandlet: Display:     NumPackagesSaved=259
  LogCookCommandlet: Display:     SavePackageTimeSec=0.330161
  LogCookCommandlet: Display:     TagPackageExportsPresaveTimeSec=0.051693
  LogCookCommandlet: Display:     TagPackageExportsTimeSec=0.011517
  LogCookCommandlet: Display:     FullyLoadLoadersTimeSec=0.000087
  LogCookCommandlet: Display:     ResetLoadersTimeSec=0.000956
  LogCookCommandlet: Display:     TagPackageExportsGetObjectsWithOuter=0.000931
  LogCookCommandlet: Display:     TagPackageExportsGetObjectsWithMarks=0.000164
  LogCookCommandlet: Display:     SerializeImportsTimeSec=0.000000
  LogCookCommandlet: Display:     SortExportsSeekfreeInnerTimeSec=0.057602
  LogCookCommandlet: Display:     SerializeExportsTimeSec=0.107721
  LogCookCommandlet: Display:     SerializeBulkDataTimeSec=0.017462
  LogCookCommandlet: Display:     AsyncWriteTimeSec=0.000000
  LogCookCommandlet: Display:     MBWritten=113.409256
  LogCookCommandlet: Display: Package.DifferentPackagesSizeMBPerAsset
  LogCookCommandlet: Display: Package.NumberOfDifferencesInPackagesPerAsset
  LogCookCommandlet: Display: Package.PackageDifferencesSizeMBPerAsset
  LogCookCommandlet: Display: Package.DiffTotal
  LogCookCommandlet: Display:     NumberOfDifferentPackages=0
  LogCookCommandlet: Display:     DifferentPackagesSizeMB=0.000000
  LogCookCommandlet: Display:     NumberOfDifferencesInPackages=0
  LogCookCommandlet: Display:     PackageDifferencesSizeMB=0.000000
  LogCookCommandlet: Display: UnversionedProperties
  LogCookCommandlet: Display:     SavedStructs=0
  LogCookCommandlet: Display:     SavedMB=0
  LogCookCommandlet: Display:     EquivalentTaggedMB=0
  LogCookCommandlet: Display:     CompressionRatio=-nan(ind)
  LogCookCommandlet: Display:     BitfieldWasteKB=0
  LogCookCommandlet: Display:
  LogCookCommandlet: Display: Cook Profile
  LogCookCommandlet: Display: ============
  LogCookCommandlet: Display:  0.CookWallTimeSec=8.032211
  LogCookCommandlet: Display:  0. 0.StartupWallTimeSec=6.006916
  LogCookCommandlet: Display:  0. 1.CookByTheBookTimeSec=2.022937
  LogCookCommandlet: Display:  0. 1. 0.StartCookByTheBookTimeSec=1.263700
  LogCookCommandlet: Display:  0. 1. 0. 0.GameCookModificationDelegateTimeSec=0.000022
  LogCookCommandlet: Display:  0. 1. 1.TickCookOnTheSideTimeSec=0.756222
  LogCookCommandlet: Display:  0. 1. 1. 0.TickCookOnTheSideLoadPackagesTimeSec=0.076817
  LogCookCommandlet: Display:  0. 1. 1. 1.TickCookOnTheSideSaveCookedPackageTimeSec=0.345398
  LogCookCommandlet: Display:  0. 1. 1. 1. 0.TickCookOnTheSideResolveRedirectorsTimeSec=0.000000
  LogCookCommandlet: Display:  0. 1. 1. 2.TickCookOnTheSideBeginPackageCacheForCookedPlatformDataTimeSec=0.203079
  LogCookCommandlet: Display:  0. 1. 1. 3.TickCookOnTheSideFinishPackageCacheForCookedPlatformDataTimeSec=0.000000
  LogCookCommandlet: Display:  0. 1. 2.TickLoopGCTimeSec=0.000000
  LogCookCommandlet: Display:  0. 1. 3.TickLoopRecompileShaderRequestsTimeSec=0.000013
  LogCookCommandlet: Display:  0. 1. 4.TickLoopShaderProcessAsyncResultsTimeSec=0.000008
  LogCookCommandlet: Display:  0. 1. 5.TickLoopProcessDeferredCommandsTimeSec=0.000017
  LogCookCommandlet: Display:  0. 1. 6.TickLoopTickCommandletStatsTimeSec=0.000003
  LogCookCommandlet: Display:
  LogCookCommandlet: Display: DDC Summary Stats
  LogCookCommandlet: Display: =================
  LogCookCommandlet: Display: TotalGetHits    =       655
  LogCookCommandlet: Display: TotalGets       =       656
  LogCookCommandlet: Display: TotalGetHitPct  =  0.998476
  LogCookCommandlet: Display: LocalGetHitPct  =  0.000000
  LogCookCommandlet: Display: SharedGetHitPct =  0.000000
  LogCookCommandlet: Display: OtherGetHitPct  =  0.998476
  LogCookCommandlet: Display: GetMissPct      =  0.001524
  LogCookCommandlet: Display: TotalPutHits    =         1
  LogCookCommandlet: Display: TotalPuts       =         1
  LogCookCommandlet: Display: TotalPutHitPct  =  1.000000
  LogCookCommandlet: Display: PutMissPct      =  0.000000
  LogCookCommandlet: Display:
  LogCookCommandlet: Display: DDC Resource Stats
  LogCookCommandlet: Display: =======================================================================================================
  LogCookCommandlet: Display: Asset Type                          Total Time (Sec)  GameThread Time (Sec)  Assets Built  MB Processed
  LogCookCommandlet: Display: ----------------------------------  ----------------  ---------------------  ------------  ------------
  LogCookCommandlet: Display: Texture (Streaming)                             0.13                   0.00             0         45.50
  LogCookCommandlet: Display: MaterialShader                                  0.12                   0.12             0          5.36
  LogCookCommandlet: Display: PhysX (BodySetup)                               0.03                   0.03             0          5.76
  LogCookCommandlet: Display: StaticMesh                                      0.02                   0.02             0         12.25
  LogCookCommandlet: Display: GlobalShader                                    0.02                   0.02             0          6.31
  LogCookCommandlet: Display: NavCollision                                    0.00                   0.00             0          0.05
  LogCookCommandlet: Display: Texture (Inline)                                0.00                   0.00             1         48.07
  LogCookCommandlet: Display: DistanceField                                   0.00                   0.00             0          0.00
  LogInit: Display:
  LogInit: Display: Warning/Error Summary (Unique only)
  LogInit: Display: -----------------------------------
  LogInit: Display: LogLuminAPIImpl: Warning: MLSDK not found.  This likely means the MLSDK environment variable is not set.
  LogInit: Display:
  LogInit: Display: Success - 0 error(s), 1 warning(s)
  LogInit: Display:
  
  Execution of commandlet took:  2.05 seconds
  LogShaderCompilers: Display: === FShaderJobCache stats ===
  LogShaderCompilers: Display: Total job queries 0, among them cache hits 0 (0.00%)
  LogShaderCompilers: Display: Tracking 0 distinct input hashes that result in 0 distinct outputs (0.00%)
  LogShaderCompilers: Display: RAM used: 0.00 MB (0.00 GB) of 1638.40 MB (1.60 GB) budget. Usage: 0.00%
  LogShaderCompilers: Display: ================================================
  LogShaderCompilers: Display: Shaders left to compile 0
  LogHttp: Display: cleaning up 0 outstanding Http requests.
  LogContentStreaming: Display: There are 1 unreleased StreamingManagers
Took 10.1473438s to run UE4Editor-Cmd.exe, ExitCode=0
********** COOK COMMAND COMPLETED **********
********** STAGE COMMAND STARTED **********
Creating Staging Manifest...
Excluding config file C:\Program Files\Epic Games\UE_4.27\Engine\Config\BaseEditor.ini
Excluding config file C:\Program Files\Epic Games\UE_4.27\Engine\Config\BaseEditorKeyBindings.ini
Excluding config file C:\Program Files\Epic Games\UE_4.27\Engine\Config\BaseEditorPerProjectUserSettings.ini
Excluding config file C:\Program Files\Epic Games\UE_4.27\Engine\Config\BaseEditorSettings.ini
Excluding config file C:\Program Files\Epic Games\UE_4.27\Engine\Config\BaseLightmass.ini
Excluding config file C:\Program Files\Epic Games\UE_4.27\Engine\Config\BasePakFileRules.ini
Excluding config file C:\Program Files\Epic Games\UE_4.27\Engine\Config\Localization\Category.ini
Excluding config file C:\Program Files\Epic Games\UE_4.27\Engine\Config\Localization\Editor.ini
Excluding config file C:\Program Files\Epic Games\UE_4.27\Engine\Config\Localization\EditorTutorials.ini
Excluding config file C:\Program Files\Epic Games\UE_4.27\Engine\Config\Localization\Engine.ini
Excluding config file C:\Program Files\Epic Games\UE_4.27\Engine\Config\Localization\Keywords.ini
Excluding config file C:\Program Files\Epic Games\UE_4.27\Engine\Config\Localization\PortableObjectExport.ini
Excluding config file C:\Program Files\Epic Games\UE_4.27\Engine\Config\Localization\PortableObjectImport.ini
Excluding config file C:\Program Files\Epic Games\UE_4.27\Engine\Config\Localization\PropertyNames.ini
Excluding config file C:\Program Files\Epic Games\UE_4.27\Engine\Config\Localization\RepairData.ini
Excluding config file C:\Program Files\Epic Games\UE_4.27\Engine\Config\Localization\ToolTips.ini
Excluding config file C:\Program Files\Epic Games\UE_4.27\Engine\Config\Localization\WordCount.ini
Excluding config file C:\Users\Public\Repos\Pipelines\autobuild_test\Config\DefaultEditor.ini
Cleaning Stage Directory: C:\Users\Public\Repos\Pipelines\autobuild_test\Saved\StagedBuilds\WindowsNoEditor
Creating pak using staging manifest.
Executing 1 UnrealPak command...
Waiting for child processes to complete (1/1)
Output from: C:\Users\Public\Repos\Pipelines\autobuild_test\autobuild_test.uproject C:\Users\Public\Repos\Pipelines\autobuild_test\Saved\StagedBuilds\WindowsNoEditor\autobuild_test\Content\Paks\autobuild_test-WindowsNoEditor.pak -create="C:\Users\pg22nicholas\AppData\Roaming\Unreal Engine\AutomationTool\Logs\C+Program+Files+Epic+Games+UE_4.27\PakList_autobuild_test-WindowsNoEditor.txt" -cryptokeys=C:\Users\Public\Repos\Pipelines\autobuild_test\Saved\Cooked\WindowsNoEditor\autobuild_test\Metadata\Crypto.json -secondaryOrder=C:\Users\Public\Repos\Pipelines\autobuild_test\Build\WindowsNoEditor\FileOpenOrder\CookerOpenOrder.log -patchpaddingalign=2048 -platform=Windows -compressionformats=Oodle -compressmethod=Kraken -compresslevel=3  -multiprocess -abslog="C:\Users\pg22nicholas\AppData\Roaming\Unreal Engine\AutomationTool\Logs\C+Program+Files+Epic+Games+UE_4.27\UnrealPak-autobuild_test-WindowsNoEditor-2022.07.18-12.49.23.txt" -compressionblocksize=256KB
  LogInit: Display: Loading text-based GConfig....
  OodleDataCompression: Display: Oodle v2.9.0 initializing with method=Kraken, level=3=Fast
  LogPakFile: Display: Parsing crypto keys from a crypto key cache file
  LogPakFile: Display: Loading response file C:\Users\pg22nicholas\AppData\Roaming\Unreal Engine\AutomationTool\Logs\C+Program+Files+Epic+Games+UE_4.27\PakList_autobuild_test-WindowsNoEditor.txt
  LogPakFile: Display: Added 1659 entries to add to pak file.
  LogPakFile: Display: Loading pak order file C:\Users\Public\Repos\Pipelines\autobuild_test\Build\WindowsNoEditor\FileOpenOrder\CookerOpenOrder.log...
  LogPakFile: Display: Finished loading pak order file C:\Users\Public\Repos\Pipelines\autobuild_test\Build\WindowsNoEditor\FileOpenOrder\CookerOpenOrder.log.
  LogPakFile: Display: Collecting files to add to pak file...
  LogPakFile: Display: Collected 1659 files in 0.01s.
  LogPakFile: Display: Creating pak C:\Users\Public\Repos\Pipelines\autobuild_test\Saved\StagedBuilds\WindowsNoEditor\autobuild_test\Content\Paks\autobuild_test-WindowsNoEditor.pak.
  LogPakFile: Display: CompressionFormats in priority order: Oodle, Zlib
  LogDerivedDataCache: Display: Pak cache opened for reading ../../../Engine/DerivedDataCache/Compressed.ddp.
  LogDerivedDataCache: Display: Performance to C:/Users/pg22nicholas/AppData/Local/UnrealEngine/Common/DerivedDataCache: Latency=0.00ms. RandomReadSpeed=999.00MBs, RandomWriteSpeed=999.00MBs. Assigned SpeedClass 'Local'
  LogPakFile: Display: CompressionFormat 0 [Oodle] : 458 files, 128752061 -> 28864007 bytes
  LogPakFile: Display: CompressionFormat 1 [Zlib] : 60 files, 3295150 -> 1118330 bytes
  LogPakFile: Display: CompressionFormat 2 [None] : 1141 files, 9443613 -> 9443613 bytes
  LogPakFile: Display: Added 1659 files, 40242712 bytes total, time 1.60s.
  LogPakFile: Display: PrimaryIndex size: 26142 bytes
  LogPakFile: Display: PathHashIndex size: 45234 bytes
  LogPakFile: Display: FullDirectoryIndex size: 55691 bytes
  LogPakFile: Display: Compression summary: 22.71% of original size. Compressed Size 29982337 bytes, Original Size 132047211 bytes.
  LogPakFile: Display: Encryption - DISABLED
  LogPakFile: Display: Unreal pak executed in 1.640577 seconds
UnrealPak terminated with exit code 0
Copying NonUFSFiles to staging directory: C:\Users\Public\Repos\Pipelines\autobuild_test\Saved\StagedBuilds\WindowsNoEditor
Copying DebugFiles to staging directory: C:\Users\Public\Repos\Pipelines\autobuild_test\Saved\StagedBuilds\WindowsNoEditor
********** STAGE COMMAND COMPLETED **********
********** PACKAGE COMMAND STARTED **********
********** PACKAGE COMMAND COMPLETED **********
********** ARCHIVE COMMAND STARTED **********
Archiving to C:\Users\Public\Repos\Pipelines\autobuild_test\build
********** ARCHIVE COMMAND COMPLETED **********
BUILD SUCCESSFUL
AutomationTool exiting with ExitCode=0 (Success)
